# JRE version: Java(TM) SE Runtime Environment (8.0_152-b16) (build 1.8.0_152-b16)
# Java VM: Java HotSpot(TM) 64-Bit Server VM (25.152-b16 mixed mode windows-amd64 compressed oops)
Heap:
 PSYoungGen      total 189952K, used 136465K [0x00000000d6100000, 0x00000000e6e80000, 0x0000000100000000)
  eden space 174592K, 78% used [0x00000000d6100000,0x00000000de6447a8,0x00000000e0b80000)
  from space 15360K, 0% used [0x00000000e0b80000,0x00000000e0b80000,0x00000000e1a80000)
  to   space 19968K, 0% used [0x00000000e5b00000,0x00000000e5b00000,0x00000000e6e80000)
 ParOldGen       total 99840K, used 28867K [0x0000000082200000, 0x0000000088380000, 0x00000000d6100000)
  object space 99840K, 28% used [0x0000000082200000,0x0000000083e30c60,0x0000000088380000)
 Metaspace       used 37630K, capacity 38220K, committed 38528K, reserved 1083392K
  class space    used 4968K, capacity 5141K, committed 5248K, reserved 1048576K
GC Heap History (10 events):
Event: 2.571 GC heap before
{Heap before GC invocations=7 (full 1):
 PSYoungGen      total 70656K, used 65536K [0x00000000d6100000, 0x00000000df200000, 0x0000000100000000)
  eden space 65536K, 100% used [0x00000000d6100000,0x00000000da100000,0x00000000da100000)
  from space 5120K, 0% used [0x00000000da100000,0x00000000da100000,0x00000000da600000)
  to   space 8704K, 0% used [0x00000000de980000,0x00000000de980000,0x00000000df200000)
 ParOldGen       total 53248K, used 6897K [0x0000000082200000, 0x0000000085600000, 0x00000000d6100000)
  object space 53248K, 12% used [0x0000000082200000,0x00000000828bc5c0,0x0000000085600000)
 Metaspace       used 21651K, capacity 22080K, committed 22400K, reserved 1069056K
  class space    used 2812K, capacity 2933K, committed 2944K, reserved 1048576K
Event: 2.575 GC heap after
Heap after GC invocations=7 (full 1):
 PSYoungGen      total 112640K, used 3482K [0x00000000d6100000, 0x00000000ded00000, 0x0000000100000000)
  eden space 109056K, 0% used [0x00000000d6100000,0x00000000d6100000,0x00000000dcb80000)
  from space 3584K, 97% used [0x00000000de980000,0x00000000dece6958,0x00000000ded00000)
  to   space 9216K, 0% used [0x00000000ddb00000,0x00000000ddb00000,0x00000000de400000)
 ParOldGen       total 53248K, used 6905K [0x0000000082200000, 0x0000000085600000, 0x00000000d6100000)
  object space 53248K, 12% used [0x0000000082200000,0x00000000828be5c0,0x0000000085600000)
 Metaspace       used 21651K, capacity 22080K, committed 22400K, reserved 1069056K
  class space    used 2812K, capacity 2933K, committed 2944K, reserved 1048576K
}
Event: 3.439 GC heap before
{Heap before GC invocations=8 (full 1):
 PSYoungGen      total 112640K, used 112538K [0x00000000d6100000, 0x00000000ded00000, 0x0000000100000000)
  eden space 109056K, 100% used [0x00000000d6100000,0x00000000dcb80000,0x00000000dcb80000)
  from space 3584K, 97% used [0x00000000de980000,0x00000000dece6958,0x00000000ded00000)
  to   space 9216K, 0% used [0x00000000ddb00000,0x00000000ddb00000,0x00000000de400000)
 ParOldGen       total 53248K, used 6905K [0x0000000082200000, 0x0000000085600000, 0x00000000d6100000)
  object space 53248K, 12% used [0x0000000082200000,0x00000000828be5c0,0x0000000085600000)
 Metaspace       used 26156K, capacity 26536K, committed 26880K, reserved 1073152K
  class space    used 3393K, capacity 3489K, committed 3584K, reserved 1048576K
Event: 3.454 GC heap after
Heap after GC invocations=8 (full 1):
 PSYoungGen      total 134144K, used 9213K [0x00000000d6100000, 0x00000000e2600000, 0x0000000100000000)
  eden space 124928K, 0% used [0x00000000d6100000,0x00000000d6100000,0x00000000ddb00000)
  from space 9216K, 99% used [0x00000000ddb00000,0x00000000de3ff640,0x00000000de400000)
  to   space 11776K, 0% used [0x00000000e1a80000,0x00000000e1a80000,0x00000000e2600000)
 ParOldGen       total 53248K, used 9957K [0x0000000082200000, 0x0000000085600000, 0x00000000d6100000)
  object space 53248K, 18% used [0x0000000082200000,0x0000000082bb9510,0x0000000085600000)
 Metaspace       used 26156K, capacity 26536K, committed 26880K, reserved 1073152K
  class space    used 3393K, capacity 3489K, committed 3584K, reserved 1048576K
}
Event: 4.434 GC heap before
{Heap before GC invocations=9 (full 1):
 PSYoungGen      total 134144K, used 134141K [0x00000000d6100000, 0x00000000e2600000, 0x0000000100000000)
  eden space 124928K, 100% used [0x00000000d6100000,0x00000000ddb00000,0x00000000ddb00000)
  from space 9216K, 99% used [0x00000000ddb00000,0x00000000de3ff640,0x00000000de400000)
  to   space 11776K, 0% used [0x00000000e1a80000,0x00000000e1a80000,0x00000000e2600000)
 ParOldGen       total 53248K, used 9957K [0x0000000082200000, 0x0000000085600000, 0x00000000d6100000)
  object space 53248K, 18% used [0x0000000082200000,0x0000000082bb9510,0x0000000085600000)
 Metaspace       used 28836K, capacity 29244K, committed 29568K, reserved 1075200K
  class space    used 3763K, capacity 3887K, committed 3968K, reserved 1048576K
Event: 4.451 GC heap after
Heap after GC invocations=9 (full 1):
 PSYoungGen      total 186368K, used 11768K [0x00000000d6100000, 0x00000000e4380000, 0x0000000100000000)
  eden space 174592K, 0% used [0x00000000d6100000,0x00000000d6100000,0x00000000e0b80000)
  from space 11776K, 99% used [0x00000000e1a80000,0x00000000e25fe028,0x00000000e2600000)
  to   space 15360K, 0% used [0x00000000e0b80000,0x00000000e0b80000,0x00000000e1a80000)
 ParOldGen       total 53248K, used 14833K [0x0000000082200000, 0x0000000085600000, 0x00000000d6100000)
  object space 53248K, 27% used [0x0000000082200000,0x000000008307c6a8,0x0000000085600000)
 Metaspace       used 28836K, capacity 29244K, committed 29568K, reserved 1075200K
  class space    used 3763K, capacity 3887K, committed 3968K, reserved 1048576K
}
Event: 5.613 GC heap before
{Heap before GC invocations=10 (full 1):
 PSYoungGen      total 186368K, used 148630K [0x00000000d6100000, 0x00000000e4380000, 0x0000000100000000)
  eden space 174592K, 78% used [0x00000000d6100000,0x00000000de6a7980,0x00000000e0b80000)
  from space 11776K, 99% used [0x00000000e1a80000,0x00000000e25fe028,0x00000000e2600000)
  to   space 15360K, 0% used [0x00000000e0b80000,0x00000000e0b80000,0x00000000e1a80000)
 ParOldGen       total 53248K, used 14833K [0x0000000082200000, 0x0000000085600000, 0x00000000d6100000)
  object space 53248K, 27% used [0x0000000082200000,0x000000008307c6a8,0x0000000085600000)
 Metaspace       used 34746K, capacity 35190K, committed 35416K, reserved 1079296K
  class space    used 4589K, capacity 4742K, committed 4864K, reserved 1048576K
Event: 5.628 GC heap after
Heap after GC invocations=10 (full 1):
 PSYoungGen      total 189952K, used 15329K [0x00000000d6100000, 0x00000000e6e80000, 0x0000000100000000)
  eden space 174592K, 0% used [0x00000000d6100000,0x00000000d6100000,0x00000000e0b80000)
  from space 15360K, 99% used [0x00000000e0b80000,0x00000000e1a786b0,0x00000000e1a80000)
  to   space 19968K, 0% used [0x00000000e5b00000,0x00000000e5b00000,0x00000000e6e80000)
 ParOldGen       total 53248K, used 20506K [0x0000000082200000, 0x0000000085600000, 0x00000000d6100000)
  object space 53248K, 38% used [0x0000000082200000,0x0000000083606b78,0x0000000085600000)
 Metaspace       used 34746K, capacity 35190K, committed 35416K, reserved 1079296K
  class space    used 4589K, capacity 4742K, committed 4864K, reserved 1048576K
}
Event: 5.628 GC heap before
{Heap before GC invocations=11 (full 2):
 PSYoungGen      total 189952K, used 15329K [0x00000000d6100000, 0x00000000e6e80000, 0x0000000100000000)
  eden space 174592K, 0% used [0x00000000d6100000,0x00000000d6100000,0x00000000e0b80000)
  from space 15360K, 99% used [0x00000000e0b80000,0x00000000e1a786b0,0x00000000e1a80000)
  to   space 19968K, 0% used [0x00000000e5b00000,0x00000000e5b00000,0x00000000e6e80000)
 ParOldGen       total 53248K, used 20506K [0x0000000082200000, 0x0000000085600000, 0x00000000d6100000)
  object space 53248K, 38% used [0x0000000082200000,0x0000000083606b78,0x0000000085600000)
 Metaspace       used 34746K, capacity 35190K, committed 35416K, reserved 1079296K
  class space    used 4589K, capacity 4742K, committed 4864K, reserved 1048576K
Event: 5.715 GC heap after
Heap after GC invocations=11 (full 2):
 PSYoungGen      total 189952K, used 0K [0x00000000d6100000, 0x00000000e6e80000, 0x0000000100000000)
  eden space 174592K, 0% used [0x00000000d6100000,0x00000000d6100000,0x00000000e0b80000)
  from space 15360K, 0% used [0x00000000e0b80000,0x00000000e0b80000,0x00000000e1a80000)
  to   space 19968K, 0% used [0x00000000e5b00000,0x00000000e5b00000,0x00000000e6e80000)
 ParOldGen       total 99840K, used 28867K [0x0000000082200000, 0x0000000088380000, 0x00000000d6100000)
  object space 99840K, 28% used [0x0000000082200000,0x0000000083e30c60,0x0000000088380000)
 Metaspace       used 34746K, capacity 35190K, committed 35416K, reserved 1079296K
  class space    used 4589K, capacity 4742K, committed 4864K, reserved 1048576K
}

